[debug] [2022-02-13T12:40:39.845Z] ----------------------------------------------------------------------
[debug] [2022-02-13T12:40:39.847Z] Command:       C:\Program Files\nodejs\node.exe C:\Users\Cmcco\AppData\Roaming\npm\node_modules\firebase-tools\lib\bin\firebase.js serve
[debug] [2022-02-13T12:40:39.847Z] CLI Version:   10.2.0
[debug] [2022-02-13T12:40:39.847Z] Platform:      win32
[debug] [2022-02-13T12:40:39.847Z] Node Version:  v17.4.0
[debug] [2022-02-13T12:40:39.848Z] Time:          Sun Feb 13 2022 07:40:39 GMT-0500 (Eastern Standard Time)
[debug] [2022-02-13T12:40:39.848Z] ----------------------------------------------------------------------
[debug] 
[debug] [2022-02-13T12:40:39.851Z] >>> [apiv2][query] GET https://firebase-public.firebaseio.com/cli.json [none]
[debug] [2022-02-13T12:40:39.979Z] > command requires scopes: ["email","openid","https://www.googleapis.com/auth/cloudplatformprojects.readonly","https://www.googleapis.com/auth/firebase","https://www.googleapis.com/auth/cloud-platform"]
[debug] [2022-02-13T12:40:39.979Z] > authorizing via signed-in user (devlife2022@gmail.com)
[debug] [2022-02-13T12:40:39.979Z] [iam] checking project lum-life for permissions ["firebase.projects.get"]
[debug] [2022-02-13T12:40:39.980Z] > refreshing access token with scopes: []
[debug] [2022-02-13T12:40:39.980Z] >>> HTTP REQUEST POST https://www.googleapis.com/oauth2/v3/token  
 <request body omitted>
[debug] [2022-02-13T12:40:40.114Z] <<< HTTP RESPONSE 200 {"date":"Sun, 13 Feb 2022 12:40:39 GMT","expires":"Mon, 01 Jan 1990 00:00:00 GMT","pragma":"no-cache","cache-control":"no-cache, no-store, max-age=0, must-revalidate","content-type":"application/json; charset=utf-8","vary":"X-Origin, Referer, Origin,Accept-Encoding","server":"scaffolding on HTTPServer2","x-xss-protection":"0","x-frame-options":"SAMEORIGIN","x-content-type-options":"nosniff","alt-svc":"h3=\":443\"; ma=2592000,h3-29=\":443\"; ma=2592000,h3-Q050=\":443\"; ma=2592000,h3-Q046=\":443\"; ma=2592000,h3-Q043=\":443\"; ma=2592000,quic=\":443\"; ma=2592000; v=\"46,43\"","accept-ranges":"none","transfer-encoding":"chunked"}
[debug] [2022-02-13T12:40:40.128Z] >>> [apiv2][query] POST https://cloudresourcemanager.googleapis.com/v1/projects/lum-life:testIamPermissions [none]
[debug] [2022-02-13T12:40:40.128Z] >>> [apiv2][body] POST https://cloudresourcemanager.googleapis.com/v1/projects/lum-life:testIamPermissions {"permissions":["firebase.projects.get"]}
[debug] [2022-02-13T12:40:40.152Z] <<< [apiv2][status] GET https://firebase-public.firebaseio.com/cli.json 200
[debug] [2022-02-13T12:40:40.152Z] <<< [apiv2][body] GET https://firebase-public.firebaseio.com/cli.json {"cloudBuildErrorAfter":1594252800000,"cloudBuildWarnAfter":1590019200000,"defaultNode10After":1594252800000,"minVersion":"3.0.5","node8DeploysDisabledAfter":1613390400000,"node8RuntimeDisabledAfter":1615809600000,"node8WarnAfter":1600128000000}
[debug] [2022-02-13T12:40:40.390Z] <<< [apiv2][status] POST https://cloudresourcemanager.googleapis.com/v1/projects/lum-life:testIamPermissions 200
[debug] [2022-02-13T12:40:40.390Z] <<< [apiv2][body] POST https://cloudresourcemanager.googleapis.com/v1/projects/lum-life:testIamPermissions {"permissions":["firebase.projects.get"]}
[debug] [2022-02-13T12:40:40.391Z] >>> [apiv2][query] GET https://firebase.googleapis.com/v1beta1/projects/lum-life [none]
[debug] [2022-02-13T12:40:40.666Z] <<< [apiv2][status] GET https://firebase.googleapis.com/v1beta1/projects/lum-life 200
[debug] [2022-02-13T12:40:40.666Z] <<< [apiv2][body] GET https://firebase.googleapis.com/v1beta1/projects/lum-life {"projectId":"lum-life","projectNumber":"519945489402","displayName":"lum-life","name":"projects/lum-life","resources":{"hostingSite":"lum-life","storageBucket":"lum-life.appspot.com","locationId":"us-central"},"state":"ACTIVE"}
[info] 
[info] === Serving from 'C:\Users\Cmcco\OneDrive\Documents\Lum-Life\lum-life'...
[info] 
[debug] [2022-02-13T12:40:40.668Z] >>> [apiv2][query] GET https://firebasehosting.googleapis.com/v1beta1/projects/lum-life/sites 
[debug] [2022-02-13T12:40:41.092Z] <<< [apiv2][status] GET https://firebasehosting.googleapis.com/v1beta1/projects/lum-life/sites 200
[debug] [2022-02-13T12:40:41.092Z] <<< [apiv2][body] GET https://firebasehosting.googleapis.com/v1beta1/projects/lum-life/sites {"sites":[{"name":"projects/519945489402/sites/lum-life","defaultUrl":"https://lum-life.web.app","appId":"1:519945489402:web:cb35f539440a277c483243","type":"DEFAULT_SITE"}]}
[debug] [2022-02-13T12:40:41.093Z] >>> [apiv2][query] GET https://firebase.googleapis.com/v1beta1/projects/lum-life/webApps/1:519945489402:web:cb35f539440a277c483243/config [none]
[debug] [2022-02-13T12:40:41.504Z] <<< [apiv2][status] GET https://firebase.googleapis.com/v1beta1/projects/lum-life/webApps/1:519945489402:web:cb35f539440a277c483243/config 200
[debug] [2022-02-13T12:40:41.504Z] <<< [apiv2][body] GET https://firebase.googleapis.com/v1beta1/projects/lum-life/webApps/1:519945489402:web:cb35f539440a277c483243/config {"projectId":"lum-life","appId":"1:519945489402:web:cb35f539440a277c483243","storageBucket":"lum-life.appspot.com","locationId":"us-central","apiKey":"AIzaSyC8pfggaIbDBkTTpMxltiSsTapIuH3HAds","authDomain":"lum-life.firebaseapp.com","messagingSenderId":"519945489402","measurementId":"G-K654JE47RN"}
[info] i  hosting: Serving hosting files from: build {"metadata":{"emulator":{"name":"hosting"},"message":"Serving hosting files from: \u001b[1mbuild\u001b[22m"}}
[info] +  hosting: Local server: http://localhost:5000 {"metadata":{"emulator":{"name":"hosting"},"message":"Local server: \u001b[4m\u001b[1mhttp://localhost:5000\u001b[22m\u001b[24m"}}
[info] i  hosting: ::1 - - [13/Feb/2022:12:40:55 +0000] "GET / HTTP/1.1" 200 643 "-" "Mozilla/5.0 (Windows NT 10.0; Win64; x64) AppleWebKit/537.36 (KHTML, like Gecko) Chrome/98.0.4758.82 Safari/537.36" {"metadata":{"emulator":{"name":"hosting"},"message":"::1 - - [13/Feb/2022:12:40:55 +0000] \"GET / HTTP/1.1\" 200 643 \"-\" \"Mozilla/5.0 (Windows NT 10.0; Win64; x64) AppleWebKit/537.36 (KHTML, like Gecko) Chrome/98.0.4758.82 Safari/537.36\""}}
[info] i  hosting: ::1 - - [13/Feb/2022:12:40:55 +0000] "GET /static/css/main.acb2c620.css HTTP/1.1" 200 503 "http://localhost:5000/" "Mozilla/5.0 (Windows NT 10.0; Win64; x64) AppleWebKit/537.36 (KHTML, like Gecko) Chrome/98.0.4758.82 Safari/537.36" {"metadata":{"emulator":{"name":"hosting"},"message":"::1 - - [13/Feb/2022:12:40:55 +0000] \"GET /static/css/main.acb2c620.css HTTP/1.1\" 200 503 \"http://localhost:5000/\" \"Mozilla/5.0 (Windows NT 10.0; Win64; x64) AppleWebKit/537.36 (KHTML, like Gecko) Chrome/98.0.4758.82 Safari/537.36\""}}
[info] i  hosting: ::1 - - [13/Feb/2022:12:40:55 +0000] "GET /static/js/main.2e578fce.js HTTP/1.1" 200 700863 "http://localhost:5000/" "Mozilla/5.0 (Windows NT 10.0; Win64; x64) AppleWebKit/537.36 (KHTML, like Gecko) Chrome/98.0.4758.82 Safari/537.36" {"metadata":{"emulator":{"name":"hosting"},"message":"::1 - - [13/Feb/2022:12:40:55 +0000] \"GET /static/js/main.2e578fce.js HTTP/1.1\" 200 700863 \"http://localhost:5000/\" \"Mozilla/5.0 (Windows NT 10.0; Win64; x64) AppleWebKit/537.36 (KHTML, like Gecko) Chrome/98.0.4758.82 Safari/537.36\""}}
[info] i  hosting: ::1 - - [13/Feb/2022:12:40:55 +0000] "GET /manifest.json HTTP/1.1" 200 492 "http://localhost:5000/" "Mozilla/5.0 (Windows NT 10.0; Win64; x64) AppleWebKit/537.36 (KHTML, like Gecko) Chrome/98.0.4758.82 Safari/537.36" {"metadata":{"emulator":{"name":"hosting"},"message":"::1 - - [13/Feb/2022:12:40:55 +0000] \"GET /manifest.json HTTP/1.1\" 200 492 \"http://localhost:5000/\" \"Mozilla/5.0 (Windows NT 10.0; Win64; x64) AppleWebKit/537.36 (KHTML, like Gecko) Chrome/98.0.4758.82 Safari/537.36\""}}
[info] i  hosting: ::1 - - [13/Feb/2022:12:40:55 +0000] "GET /logo192.png HTTP/1.1" 200 5347 "http://localhost:5000/" "Mozilla/5.0 (Windows NT 10.0; Win64; x64) AppleWebKit/537.36 (KHTML, like Gecko) Chrome/98.0.4758.82 Safari/537.36" {"metadata":{"emulator":{"name":"hosting"},"message":"::1 - - [13/Feb/2022:12:40:55 +0000] \"GET /logo192.png HTTP/1.1\" 200 5347 \"http://localhost:5000/\" \"Mozilla/5.0 (Windows NT 10.0; Win64; x64) AppleWebKit/537.36 (KHTML, like Gecko) Chrome/98.0.4758.82 Safari/537.36\""}}
